Script started on 2020-02-01 20:39:39+00:00
   [1;36m: [1;37mLoading /src/habitat/plan.sh[0m
   [1;36mchef_automate_wrapper: [1;37mPlan loaded[0m
   [1;36mchef_automate_wrapper: [1;37mValidating plan metadata[0m
   [1;36mchef_automate_wrapper: [1;37mUsing HAB_BIN=/hab/pkgs/core/hab/0.83.0/20190712231625/bin/hab for installs, signing, and hashing[0m
   [1;36mchef_automate_wrapper: [1;37mhab-plan-build setup[0m
   [1;36mchef_automate_wrapper: [1;37mWriting pre_build file[0m
   [1;36mchef_automate_wrapper: [1;37mResolving scaffolding dependencies[0m
[0m[0m[1m[33mÂ» Installing chef/scaffolding-chef-infra[0m
[0m[0m[1m[32mâ˜ Determining[0m latest version of chef/scaffolding-chef-infra in the 'stable' channel
[0m[0m[1m[32mâ˜› Verifying[0m chef/scaffolding-chef-infra/0.16.0/20191219224458
[0m[0m[1m[32mâ†“ Downloading[0m chef-20160614114050 public origin key
    75 B / 75 B | [=======================================] 100.00 % 1.48 MB/s  
[0m[0m[1m[32mâ˜‘ Cached[0m chef-20160614114050 public origin key
[0m[0m[1m[32mâœ“ Installed[0m chef/scaffolding-chef-infra/0.16.0/20191219224458
[0m[0m[1m[35mâ˜… Install of chef/scaffolding-chef-infra/0.16.0/20191219224458 complete with 1 new packages installed.[0m
   [1;36mchef_automate_wrapper: [1;37mResolved scaffolding dependency 'chef/scaffolding-chef-infra' to /hab/pkgs/chef/scaffolding-chef-infra/0.16.0/20191219224458[0m
   [1;36mchef_automate_wrapper: [1;37mLoading Scaffolding /hab/pkgs/chef/scaffolding-chef-infra/0.16.0/20191219224458/lib/scaffolding.sh[0m
   [1;36mchef_automate_wrapper: [1;37mResolving build dependencies[0m
[0m[0m[1m[33mÂ» Installing chef/scaffolding-chef-infra[0m
[0m[0m[1m[32mâ˜ Determining[0m latest version of chef/scaffolding-chef-infra in the 'stable' channel
[0m[0m[1m[32mâ†’ Using[0m chef/scaffolding-chef-infra/0.16.0/20191219224458
[0m[0m[1m[35mâ˜… Install of chef/scaffolding-chef-infra/0.16.0/20191219224458 complete with 0 new packages installed.[0m
   [1;36mchef_automate_wrapper: [1;37mResolved build dependency 'chef/scaffolding-chef-infra' to /hab/pkgs/chef/scaffolding-chef-infra/0.16.0/20191219224458[0m
[0m[0m[1m[33mÂ» Installing chef/chef-dk[0m
[0m[0m[1m[32mâ˜ Determining[0m latest version of chef/chef-dk in the 'stable' channel
[0m[0m[1m[32mâ˜› Verifying[0m chef/chef-dk/4.7.73/20200127234839
[0m[0m[1m[32mâ†’ Using[0m core/acl/2.2.53/20190115012136
[0m[0m[1m[32mâ†’ Using[0m core/attr/2.4.48/20190115012129
[0m[0m[1m[32mâ†’ Using[0m core/binutils/2.31.1/20190115003743
[0m[0m[1m[32mâ˜› Verifying[0m core/bundler/1.17.3/20191025140337
[0m[0m[1m[32mâ˜› Verifying[0m core/busybox-static/1.29.2/20190115014552
[0m[0m[1m[32mâ†’ Using[0m core/bzip2/1.0.6/20190115011950
[0m[0m[1m[32mâ†’ Using[0m core/cacerts/2018.12.05/20190115014206
[0m[0m[1m[32mâ†’ Using[0m core/coreutils/8.30/20190115012313
[0m[0m[1m[32mâ†’ Using[0m core/gcc-libs/8.2.0/20190115011926
[0m[0m[1m[32mâ†’ Using[0m core/glibc/2.27/20190115002733
[0m[0m[1m[32mâ†’ Using[0m core/gmp/6.1.2/20190115003943
[0m[0m[1m[32mâ†’ Using[0m core/grep/3.1/20190115012541
[0m[0m[1m[32mâ˜› Verifying[0m core/libarchive/3.3.3/20190305214120
[0m[0m[1m[32mâ†’ Using[0m core/libcap/2.25/20190115012150
[0m[0m[1m[32mâ˜› Verifying[0m core/libffi/3.2.1/20190115154244
[0m[0m[1m[32mâ˜› Verifying[0m core/libtool/2.4.6/20190115012815
[0m[0m[1m[32mâ˜› Verifying[0m core/libxml2/2.9.10/20191119234603
[0m[0m[1m[32mâ˜› Verifying[0m core/libxslt/1.1.34/20191119234805
[0m[0m[1m[32mâ˜› Verifying[0m core/libyaml/0.1.7/20191007172012
[0m[0m[1m[32mâ†’ Using[0m core/linux-headers/4.17.12/20190115002705
[0m[0m[1m[32mâ†’ Using[0m core/ncurses/6.1/20190115012027
[0m[0m[1m[32mâ†’ Using[0m core/openssl-fips/2.0.16/20190115014207
[0m[0m[1m[32mâ†’ Using[0m core/openssl/1.0.2r/20190305210149
[0m[0m[1m[32mâ†’ Using[0m core/pcre/8.42/20190115012526
[0m[0m[1m[32mâ˜› Verifying[0m core/pkg-config/0.29.2/20190115011955
[0m[0m[1m[32mâ†’ Using[0m core/readline/7.0.3/20190115012607
[0m[0m[1m[32mâ˜› Verifying[0m core/ruby/2.5.7/20191025133938
[0m[0m[1m[32mâ˜› Verifying[0m core/ruby26/2.6.5/20191007205438
[0m[0m[1m[32mâ†’ Using[0m core/sed/4.5/20190115012152
[0m[0m[1m[32mâ†’ Using[0m core/xz/5.2.4/20190115013348
[0m[0m[1m[32mâ†’ Using[0m core/zlib/1.2.11/20190115003728
[0m[0m[1m[32mâœ“ Installed[0m core/bundler/1.17.3/20191025140337
[0m[0m[1m[32mâœ“ Installed[0m core/busybox-static/1.29.2/20190115014552
[0m[0m[1m[32mâœ“ Installed[0m core/libarchive/3.3.3/20190305214120
[0m[0m[1m[32mâœ“ Installed[0m core/libffi/3.2.1/20190115154244
[0m[0m[1m[32mâœ“ Installed[0m core/libtool/2.4.6/20190115012815
[0m[0m[1m[32mâœ“ Installed[0m core/libxml2/2.9.10/20191119234603
[0m[0m[1m[32mâœ“ Installed[0m core/libxslt/1.1.34/20191119234805
[0m[0m[1m[32mâœ“ Installed[0m core/libyaml/0.1.7/20191007172012
[0m[0m[1m[32mâœ“ Installed[0m core/pkg-config/0.29.2/20190115011955
[0m[0m[1m[32mâœ“ Installed[0m core/ruby/2.5.7/20191025133938
[0m[0m[1m[32mâœ“ Installed[0m core/ruby26/2.6.5/20191007205438
[0m[0m[1m[32mâœ“ Installed[0m chef/chef-dk/4.7.73/20200127234839
[0m[0m[1m[35mâ˜… Install of chef/chef-dk/4.7.73/20200127234839 complete with 12 new packages installed.[0m
   [1;36mchef_automate_wrapper: [1;37mResolved build dependency 'chef/chef-dk' to /hab/pkgs/chef/chef-dk/4.7.73/20200127234839[0m
[0m[0m[1m[33mÂ» Installing core/git[0m
[0m[0m[1m[32mâ˜ Determining[0m latest version of core/git in the 'stable' channel
[0m[0m[1m[32mâ˜› Verifying[0m core/git/2.23.0/20191203153351
[0m[0m[1m[32mâ†’ Using[0m core/acl/2.2.53/20190115012136
[0m[0m[1m[32mâ†’ Using[0m core/attr/2.4.48/20190115012129
[0m[0m[1m[32mâ†’ Using[0m core/bzip2/1.0.6/20190115011950
[0m[0m[1m[32mâ†’ Using[0m core/cacerts/2018.12.05/20190115014206
[0m[0m[1m[32mâ†’ Using[0m core/coreutils/8.30/20190115012313
[0m[0m[1m[32mâ˜› Verifying[0m core/curl/7.67.0/20191203153051
[0m[0m[1m[32mâ˜› Verifying[0m core/db/5.3.28/20190115012845
[0m[0m[1m[32mâ˜› Verifying[0m core/expat/2.2.5/20190115012836
[0m[0m[1m[32mâ†’ Using[0m core/gcc-libs/8.2.0/20190115011926
[0m[0m[1m[32mâ˜› Verifying[0m core/gdbm/1.17/20190115012826
[0m[0m[1m[32mâ˜› Verifying[0m core/gettext/0.19.8/20190115013412
[0m[0m[1m[32mâ†’ Using[0m core/glibc/2.27/20190115002733
[0m[0m[1m[32mâ†’ Using[0m core/gmp/6.1.2/20190115003943
[0m[0m[1m[32mâ†’ Using[0m core/less/530/20190115013008
[0m[0m[1m[32mâ†’ Using[0m core/libcap/2.25/20190115012150
[0m[0m[1m[32mâ†’ Using[0m core/linux-headers/4.17.12/20190115002705
[0m[0m[1m[32mâ†’ Using[0m core/ncurses/6.1/20190115012027
[0m[0m[1m[32mâ˜› Verifying[0m core/nghttp2/1.34.0/20190115160823
[0m[0m[1m[32mâ˜› Verifying[0m core/openssh/7.5p1/20190305213650
[0m[0m[1m[32mâ†’ Using[0m core/openssl-fips/2.0.16/20190115014207
[0m[0m[1m[32mâ†’ Using[0m core/openssl/1.0.2r/20190305210149
[0m[0m[1m[32mâ†’ Using[0m core/pcre/8.42/20190115012526
[0m[0m[1m[32mâ˜› Verifying[0m core/perl/5.28.0/20190115013014
[0m[0m[1m[32mâ†’ Using[0m core/sed/4.5/20190115012152
[0m[0m[1m[32mâ†’ Using[0m core/xz/5.2.4/20190115013348
[0m[0m[1m[32mâ†’ Using[0m core/zlib/1.2.11/20190115003728
[0m[0m[1m[32mâœ“ Installed[0m core/curl/7.67.0/20191203153051
[0m[0m[1m[32mâœ“ Installed[0m core/db/5.3.28/20190115012845
[0m[0m[1m[32mâœ“ Installed[0m core/expat/2.2.5/20190115012836
[0m[0m[1m[32mâœ“ Installed[0m core/gdbm/1.17/20190115012826
[0m[0m[1m[32mâœ“ Installed[0m core/gettext/0.19.8/20190115013412
[0m[0m[1m[32mâœ“ Installed[0m core/nghttp2/1.34.0/20190115160823
[0m[0m[1m[32mâœ“ Installed[0m core/openssh/7.5p1/20190305213650
[0m[0m[1m[32mâœ“ Installed[0m core/perl/5.28.0/20190115013014
[0m[0m[1m[32mâœ“ Installed[0m core/git/2.23.0/20191203153351
[0m[0m[1m[35mâ˜… Install of core/git/2.23.0/20191203153351 complete with 9 new packages installed.[0m
   [1;36mchef_automate_wrapper: [1;37mResolved build dependency 'core/git' to /hab/pkgs/core/git/2.23.0/20191203153351[0m
   [1;36mchef_automate_wrapper: [1;37mResolving run dependencies[0m
[0m[0m[1m[33mÂ» Installing chef/chef-client[0m
[0m[0m[1m[32mâ˜ Determining[0m latest version of chef/chef-client in the 'stable' channel
[0m[0m[1m[32mâ˜› Verifying[0m chef/chef-client/14.14.29/20191105214721
[0m[0m[1m[32mâ†’ Using[0m core/acl/2.2.53/20190115012136
[0m[0m[1m[32mâ†’ Using[0m core/attr/2.4.48/20190115012129
[0m[0m[1m[32mâ†’ Using[0m core/binutils/2.31.1/20190115003743
[0m[0m[1m[32mâ†’ Using[0m core/bundler/1.17.3/20191025140337
[0m[0m[1m[32mâ†’ Using[0m core/busybox-static/1.29.2/20190115014552
[0m[0m[1m[32mâ†’ Using[0m core/bzip2/1.0.6/20190115011950
[0m[0m[1m[32mâ†’ Using[0m core/cacerts/2018.12.05/20190115014206
[0m[0m[1m[32mâ†’ Using[0m core/coreutils/8.30/20190115012313
[0m[0m[1m[32mâ†’ Using[0m core/gcc-libs/8.2.0/20190115011926
[0m[0m[1m[32mâ†’ Using[0m core/glibc/2.27/20190115002733
[0m[0m[1m[32mâ†’ Using[0m core/gmp/6.1.2/20190115003943
[0m[0m[1m[32mâ†’ Using[0m core/grep/3.1/20190115012541
[0m[0m[1m[32mâ†’ Using[0m core/libarchive/3.3.3/20190305214120
[0m[0m[1m[32mâ†’ Using[0m core/libcap/2.25/20190115012150
[0m[0m[1m[32mâ†’ Using[0m core/libffi/3.2.1/20190115154244
[0m[0m[1m[32mâ˜› Verifying[0m core/libiconv/1.14/20190115155025
[0m[0m[1m[32mâ†’ Using[0m core/libtool/2.4.6/20190115012815
[0m[0m[1m[32mâ˜› Verifying[0m core/libxml2/2.9.8/20190115154829
[0m[0m[1m[32mâ˜› Verifying[0m core/libxslt/1.1.33/20190302013818
[0m[0m[1m[32mâ†’ Using[0m core/libyaml/0.1.7/20191007172012
[0m[0m[1m[32mâ†’ Using[0m core/linux-headers/4.17.12/20190115002705
[0m[0m[1m[32mâ†’ Using[0m core/ncurses/6.1/20190115012027
[0m[0m[1m[32mâ†’ Using[0m core/openssl-fips/2.0.16/20190115014207
[0m[0m[1m[32mâ†’ Using[0m core/openssl/1.0.2r/20190305210149
[0m[0m[1m[32mâ†’ Using[0m core/pcre/8.42/20190115012526
[0m[0m[1m[32mâ†’ Using[0m core/readline/7.0.3/20190115012607
[0m[0m[1m[32mâ†’ Using[0m core/ruby/2.5.7/20191025133938
[0m[0m[1m[32mâ†’ Using[0m core/sed/4.5/20190115012152
[0m[0m[1m[32mâ†’ Using[0m core/xz/5.2.4/20190115013348
[0m[0m[1m[32mâ†’ Using[0m core/zlib/1.2.11/20190115003728
[0m[0m[1m[32mâœ“ Installed[0m core/libiconv/1.14/20190115155025
[0m[0m[1m[32mâœ“ Installed[0m core/libxml2/2.9.8/20190115154829
[0m[0m[1m[32mâœ“ Installed[0m core/libxslt/1.1.33/20190302013818
[0m[0m[1m[32mâœ“ Installed[0m chef/chef-client/14.14.29/20191105214721
[0m[0m[1m[35mâ˜… Install of chef/chef-client/14.14.29/20191105214721 complete with 4 new packages installed.[0m
   [1;36mchef_automate_wrapper: [1;37mResolved dependency 'chef/chef-client' to /hab/pkgs/chef/chef-client/14.14.29/20191105214721[0m
[0m[0m[1m[33mÂ» Installing core/cacerts[0m
[0m[0m[1m[32mâ˜ Determining[0m latest version of core/cacerts in the 'stable' channel
[0m[0m[1m[32mâ†’ Using[0m core/cacerts/2018.12.05/20190115014206
[0m[0m[1m[35mâ˜… Install of core/cacerts/2018.12.05/20190115014206 complete with 0 new packages installed.[0m
   [1;36mchef_automate_wrapper: [1;37mResolved dependency 'core/cacerts' to /hab/pkgs/core/cacerts/2018.12.05/20190115014206[0m
   [1;36mchef_automate_wrapper: [1;37mSetting up environment[0m
   [1;36mchef_automate_wrapper: [1;37mPopulating runtime environment from dependencies[0m
   [1;36mchef_automate_wrapper: [1;37mPopulating buildtime environment from dependencies[0m
   [1;36mchef_automate_wrapper: [1;37mLayering runtime environment on top of system environment[0m
   [1;36mchef_automate_wrapper: [1;37mLayering buildtime environment on top of system environment[0m
   [1;36mchef_automate_wrapper: [1;37mSetting PATH=/hab/pkgs/chef/chef-dk/4.7.73/20200127234839/bin:/hab/pkgs/core/git/2.23.0/20191203153351/bin:/hab/pkgs/chef/chef-client/14.14.29/20191105214721/bin:/hab/pkgs/core/acl/2.2.53/20190115012136/bin:/hab/pkgs/core/attr/2.4.48/20190115012129/bin:/hab/pkgs/core/binutils/2.31.1/20190115003743/bin:/hab/pkgs/core/bundler/1.17.3/20191025140337/bin:/hab/pkgs/core/busybox-static/1.29.2/20190115014552/bin:/hab/pkgs/core/bzip2/1.0.6/20190115011950/bin:/hab/pkgs/core/coreutils/8.30/20190115012313/bin:/hab/pkgs/core/glibc/2.27/20190115002733/bin:/hab/pkgs/core/grep/3.1/20190115012541/bin:/hab/pkgs/core/libcap/2.25/20190115012150/bin:/hab/pkgs/core/libtool/2.4.6/20190115012815/bin:/hab/pkgs/core/libxml2/2.9.10/20191119234603/bin:/hab/pkgs/core/libxslt/1.1.34/20191119234805/bin:/hab/pkgs/core/ncurses/6.1/20190115012027/bin:/hab/pkgs/core/openssl-fips/2.0.16/20190115014207/bin:/hab/pkgs/core/openssl/1.0.2r/20190305210149/bin:/hab/pkgs/core/pcre/8.42/20190115012526/bin:/hab/pkgs/core/pkg-config/0.29.2/20190115011955/bin:/hab/pkgs/core/ruby/2.5.7/20191025133938/bin:/hab/pkgs/core/ruby26/2.6.5/20191007205438/bin:/hab/pkgs/core/sed/4.5/20190115012152/bin:/hab/pkgs/core/xz/5.2.4/20190115013348/bin:/hab/pkgs/core/curl/7.67.0/20191203153051/bin:/hab/pkgs/core/db/5.3.28/20190115012845/bin:/hab/pkgs/core/expat/2.2.5/20190115012836/bin:/hab/pkgs/core/gdbm/1.17/20190115012826/bin:/hab/pkgs/core/gettext/0.19.8/20190115013412/bin:/hab/pkgs/core/less/530/20190115013008/bin:/hab/pkgs/core/openssh/7.5p1/20190305213650/bin:/hab/pkgs/core/openssh/7.5p1/20190305213650/sbin:/hab/pkgs/core/openssh/7.5p1/20190305213650/libexec:/hab/pkgs/core/perl/5.28.0/20190115013014/bin:/hab/pkgs/core/libxml2/2.9.8/20190115154829/bin:/hab/pkgs/core/libxslt/1.1.33/20190302013818/bin:/hab/pkgs/core/hab-plan-build/0.83.0/20190712233745/bin:/hab/pkgs/core/bash/4.4.19/20190115012619/bin:/hab/pkgs/core/binutils/2.31.1/20190115003743/bin:/hab/pkgs/core/bzip2/1.0.6/20190115011950/bin:/hab/pkgs/core/coreutils/8.30/20190115012313/bin:/hab/pkgs/core/file/5.34/20190115003731/bin:/hab/pkgs/core/findutils/4.6.0/20190115013303/bin:/hab/pkgs/core/gawk/4.2.1/20190115012752/bin:/hab/pkgs/core/grep/3.1/20190115012541/bin:/hab/pkgs/core/gzip/1.9/20190115013612/bin:/hab/pkgs/core/hab/0.83.0/20190712231625/bin:/hab/pkgs/core/rq/0.10.4/20190115014520/bin:/hab/pkgs/core/sed/4.5/20190115012152/bin:/hab/pkgs/core/tar/1.30/20190115012709/bin:/hab/pkgs/core/unzip/6.0/20190115014516/bin:/hab/pkgs/core/wget/1.19.5/20190305211748/bin:/hab/pkgs/core/xz/5.2.4/20190115013348/bin:/hab/pkgs/core/glibc/2.27/20190115002733/bin:/hab/pkgs/core/ncurses/6.1/20190115012027/bin:/hab/pkgs/core/acl/2.2.53/20190115012136/bin:/hab/pkgs/core/attr/2.4.48/20190115012129/bin:/hab/pkgs/core/libcap/2.25/20190115012150/bin:/hab/pkgs/core/pcre/8.42/20190115012526/bin:/hab/pkgs/core/less/530/20190115013008/bin:/hab/pkgs/core/openssl-fips/2.0.16/20190115014207/bin:/hab/pkgs/core/openssl/1.0.2r/20190305210149/bin[0m
created directory: '/hab/cache/src'
   [1;36mchef_automate_wrapper: [1;37mClean the cache[0m
   [1;36mchef_automate_wrapper: [1;37mSetting build environment[0m
created directory: '/hab/cache/src/chef_automate_wrapper-0.1.9'
   [1;36mchef_automate_wrapper: [1;37mSetting PREFIX=/hab/pkgs/devoptimist/chef_automate_wrapper/0.1.9/20200201203939[0m
   [1;36mchef_automate_wrapper: [1;37mSetting LD_RUN_PATH=[0m
   [1;36mchef_automate_wrapper: [1;37mSetting CFLAGS=[0m
   [1;36mchef_automate_wrapper: [1;37mSetting CXXFLAGS=[0m
   [1;36mchef_automate_wrapper: [1;37mSetting CPPFLAGS=[0m
   [1;36mchef_automate_wrapper: [1;37mSetting LDFLAGS=-L/hab/pkgs/core/git/2.23.0/20191203153351/lib[0m
   [1;36mchef_automate_wrapper: [1;37mSetting PKG_CONFIG_PATH=[0m
   [1;36mchef_automate_wrapper: [1;37mPreparing to build[0m
   [1;36mchef_automate_wrapper: [1;37mBuilding[0m
Building policy chef_automate_wrapper
Expanded run list: recipe[chef_automate_wrapper::default]
Caching Cookbooks...
Installing chef_automate_wrapper >= 0.0.0 from path
Installing chef-ingredient       3.1.2

Lockfile written to /src/Policyfile.lock.json
Policy revision id: 5ac23adbf4c02c710d1a0eb65cce8b07b342aa42f0ae3c3f4bf62c87849c9d03
   [1;36mchef_automate_wrapper: [1;37mInstalling[0m
created directory: '/hab/pkgs/devoptimist/'
created directory: '/hab/pkgs/devoptimist/chef_automate_wrapper/'
created directory: '/hab/pkgs/devoptimist/chef_automate_wrapper/0.1.9/'
created directory: '/hab/pkgs/devoptimist/chef_automate_wrapper/0.1.9/20200201203939'
Exported policy 'chef_automate_wrapper' to /hab/pkgs/devoptimist/chef_automate_wrapper/0.1.9/20200201203939

To converge this system with the exported policy, run:
  cd /hab/pkgs/devoptimist/chef_automate_wrapper/0.1.9/20200201203939
  chef-client -z
   [1;36mchef_automate_wrapper: [1;37mWriting configuration[0m
   [1;36mchef_automate_wrapper: [1;37mBuilding package metadata[0m
/hab/cache/src/chef_automate_wrapper-0.1.9 /src/habitat
   [1;36mchef_automate_wrapper: [1;37mGenerating blake2b hashes of all files in the package[0m
   [1;36mchef_automate_wrapper: [1;37mGenerating signed metadata FILES[0m
[0m[0m[1m[33mÂ» Signing chef_automate_wrapper_blake2bsums[0m
[0m[0m[1m[36mâ˜› Signing[0m chef_automate_wrapper_blake2bsums with devoptimist-20181007160745 to create /hab/pkgs/devoptimist/chef_automate_wrapper/0.1.9/20200201203939/FILES
[0m[0m[1m[35mâ˜… Signed artifact /hab/pkgs/devoptimist/chef_automate_wrapper/0.1.9/20200201203939/FILES.[0m
/src/habitat
   [1;36mchef_automate_wrapper: [1;37mCreating manifest[0m
   [1;36mchef_automate_wrapper: [1;37mGenerating package artifact[0m
/hab/pkgs/core/tar/1.30/20190115012709/bin/tar: Removing leading `/' from member names
/hab/cache/artifacts/.devoptimist-chef_automate_wrapper-0.1.9-20200201203939-x86_64-linux.tar (1/1)
  100 %        66.0 KiB / 310.0 KiB = 0.213                                    
[0m[0m[1m[33mÂ» Signing /hab/cache/artifacts/.devoptimist-chef_automate_wrapper-0.1.9-20200201203939-x86_64-linux.tar.xz[0m
[0m[0m[1m[36mâ˜› Signing[0m /hab/cache/artifacts/.devoptimist-chef_automate_wrapper-0.1.9-20200201203939-x86_64-linux.tar.xz with devoptimist-20181007160745 to create /hab/cache/artifacts/devoptimist-chef_automate_wrapper-0.1.9-20200201203939-x86_64-linux.hart
[0m[0m[1m[35mâ˜… Signed artifact /hab/cache/artifacts/devoptimist-chef_automate_wrapper-0.1.9-20200201203939-x86_64-linux.hart.[0m
'/hab/cache/artifacts/devoptimist-chef_automate_wrapper-0.1.9-20200201203939-x86_64-linux.hart' -> '/src/results/devoptimist-chef_automate_wrapper-0.1.9-20200201203939-x86_64-linux.hart'
   [1;36mchef_automate_wrapper: [1;37mhab-plan-build cleanup[0m
   [1;36mchef_automate_wrapper: [1;37m[0m
   [1;36mchef_automate_wrapper: [1;37mSource Path: /src[0m
   [1;36mchef_automate_wrapper: [1;37mInstalled Path: /hab/pkgs/devoptimist/chef_automate_wrapper/0.1.9/20200201203939[0m
   [1;36mchef_automate_wrapper: [1;37mArtifact: /src/results/devoptimist-chef_automate_wrapper-0.1.9-20200201203939-x86_64-linux.hart[0m
   [1;36mchef_automate_wrapper: [1;37mBuild Report: /src/results/last_build.env[0m
   [1;36mchef_automate_wrapper: [1;37mSHA256 Checksum: 0cccf630e77f50a3a53544ed2e815226813e5b7a9a0ffed39309c34c1f1410c5[0m
   [1;36mchef_automate_wrapper: [1;37mBlake2b Checksum: 4a71736e2289449c9eab51191f50289cb678452335e085ac59eb4ccf1ca3325b[0m
   [1;36mchef_automate_wrapper: [1;37m[0m
   [1;36mchef_automate_wrapper: [1;37mI love it when a plan.sh comes together.[0m
   [1;36mchef_automate_wrapper: [1;37m[0m
   [1;36mchef_automate_wrapper: [1;37mBuild time: 0m49s[0m

Script done on 2020-02-01 20:40:28+00:00
